<?xml version="1.0" encoding="UTF-8"?>
<testsuite xmlns:xsi="http://www.w3.org/2001/XMLSchema-instance" xsi:noNamespaceSchemaLocation="https://maven.apache.org/surefire/maven-surefire-plugin/xsd/surefire-test-report-3.0.xsd" version="3.0" name="com.sg.classroster.service.ClassRosterServiceLayerImplTest" time="0.081" tests="6" errors="0" skipped="0" failures="0">
  <properties>
[...]
</properties>
  <testcase name="testCreateDuplicateIdStudent" classname="com.sg.classroster.service.ClassRosterServiceLayerImplTest" time="0.03"/>
  <testcase name="testGetStudent" classname="com.sg.classroster.service.ClassRosterServiceLayerImplTest" time="0.004"/>
  <testcase name="testGetAllStudents" classname="com.sg.classroster.service.ClassRosterServiceLayerImplTest" time="0.004"/>
  <testcase name="testCreateStudentInvalidData" classname="com.sg.classroster.service.ClassRosterServiceLayerImplTest" time="0.001"/>
  <testcase name="testRemoveStudent" classname="com.sg.classroster.service.ClassRosterServiceLayerImplTest" time="0.002"/>
  <testcase name="testCreateValidStudent" classname="com.sg.classroster.service.ClassRosterServiceLayerImplTest" time="0.001"/>
</testsuite>